file /home/finnian/dev/Eiffel/library/Eiffel-Loop/contrib/C/libid3tag-0.15.1b/SConstruct,line 36:
	Configure(confdir = .sconf_temp)
scons: Configure: Checking for C header file assert.h... 
scons: Configure: ".sconf_temp/conftest_0.c" is up to date.
scons: Configure: The original builder output was:
  |.sconf_temp/conftest_0.c <-
  |  |
  |  |#include "assert.h"
  |  |
  |  |
  |
scons: Configure: ".sconf_temp/conftest_0.o" is up to date.
scons: Configure: The original builder output was:
  |gcc -o .sconf_temp/conftest_0.o -c -g -O2 -Wall -Wno-write-strings -DHAVE_CONFIG_H -I/opt/ES/Eiffel_16.05/C_library/zlib -I. -Iinclude .sconf_temp/conftest_0.c
  |
scons: Configure: (cached) yes

scons: Configure: Checking for C header file dlfcn.h... 
scons: Configure: ".sconf_temp/conftest_1.c" is up to date.
scons: Configure: The original builder output was:
  |.sconf_temp/conftest_1.c <-
  |  |
  |  |#include "dlfcn.h"
  |  |
  |  |
  |
scons: Configure: ".sconf_temp/conftest_1.o" is up to date.
scons: Configure: The original builder output was:
  |gcc -o .sconf_temp/conftest_1.o -c -g -O2 -Wall -Wno-write-strings -DHAVE_CONFIG_H -I/opt/ES/Eiffel_16.05/C_library/zlib -I. -Iinclude .sconf_temp/conftest_1.c
  |
scons: Configure: (cached) yes

scons: Configure: Checking for C header file inttypes.h... 
scons: Configure: ".sconf_temp/conftest_2.c" is up to date.
scons: Configure: The original builder output was:
  |.sconf_temp/conftest_2.c <-
  |  |
  |  |#include "inttypes.h"
  |  |
  |  |
  |
scons: Configure: ".sconf_temp/conftest_2.o" is up to date.
scons: Configure: The original builder output was:
  |gcc -o .sconf_temp/conftest_2.o -c -g -O2 -Wall -Wno-write-strings -DHAVE_CONFIG_H -I/opt/ES/Eiffel_16.05/C_library/zlib -I. -Iinclude .sconf_temp/conftest_2.c
  |
scons: Configure: (cached) yes

scons: Configure: Checking for C header file memory.h... 
scons: Configure: ".sconf_temp/conftest_3.c" is up to date.
scons: Configure: The original builder output was:
  |.sconf_temp/conftest_3.c <-
  |  |
  |  |#include "memory.h"
  |  |
  |  |
  |
scons: Configure: ".sconf_temp/conftest_3.o" is up to date.
scons: Configure: The original builder output was:
  |gcc -o .sconf_temp/conftest_3.o -c -g -O2 -Wall -Wno-write-strings -DHAVE_CONFIG_H -I/opt/ES/Eiffel_16.05/C_library/zlib -I. -Iinclude .sconf_temp/conftest_3.c
  |
scons: Configure: (cached) yes

scons: Configure: Checking for C header file stdint.h... 
scons: Configure: ".sconf_temp/conftest_4.c" is up to date.
scons: Configure: The original builder output was:
  |.sconf_temp/conftest_4.c <-
  |  |
  |  |#include "stdint.h"
  |  |
  |  |
  |
scons: Configure: ".sconf_temp/conftest_4.o" is up to date.
scons: Configure: The original builder output was:
  |gcc -o .sconf_temp/conftest_4.o -c -g -O2 -Wall -Wno-write-strings -DHAVE_CONFIG_H -I/opt/ES/Eiffel_16.05/C_library/zlib -I. -Iinclude .sconf_temp/conftest_4.c
  |
scons: Configure: (cached) yes

scons: Configure: Checking for C header file stdlib.h... 
scons: Configure: ".sconf_temp/conftest_5.c" is up to date.
scons: Configure: The original builder output was:
  |.sconf_temp/conftest_5.c <-
  |  |
  |  |#include "stdlib.h"
  |  |
  |  |
  |
scons: Configure: ".sconf_temp/conftest_5.o" is up to date.
scons: Configure: The original builder output was:
  |gcc -o .sconf_temp/conftest_5.o -c -g -O2 -Wall -Wno-write-strings -DHAVE_CONFIG_H -I/opt/ES/Eiffel_16.05/C_library/zlib -I. -Iinclude .sconf_temp/conftest_5.c
  |
scons: Configure: (cached) yes

scons: Configure: Checking for C header file strings.h... 
scons: Configure: ".sconf_temp/conftest_6.c" is up to date.
scons: Configure: The original builder output was:
  |.sconf_temp/conftest_6.c <-
  |  |
  |  |#include "strings.h"
  |  |
  |  |
  |
scons: Configure: ".sconf_temp/conftest_6.o" is up to date.
scons: Configure: The original builder output was:
  |gcc -o .sconf_temp/conftest_6.o -c -g -O2 -Wall -Wno-write-strings -DHAVE_CONFIG_H -I/opt/ES/Eiffel_16.05/C_library/zlib -I. -Iinclude .sconf_temp/conftest_6.c
  |
scons: Configure: (cached) yes

scons: Configure: Checking for C header file string.h... 
scons: Configure: ".sconf_temp/conftest_7.c" is up to date.
scons: Configure: The original builder output was:
  |.sconf_temp/conftest_7.c <-
  |  |
  |  |#include "string.h"
  |  |
  |  |
  |
scons: Configure: ".sconf_temp/conftest_7.o" is up to date.
scons: Configure: The original builder output was:
  |gcc -o .sconf_temp/conftest_7.o -c -g -O2 -Wall -Wno-write-strings -DHAVE_CONFIG_H -I/opt/ES/Eiffel_16.05/C_library/zlib -I. -Iinclude .sconf_temp/conftest_7.c
  |
scons: Configure: (cached) yes

scons: Configure: Checking for C header file sys/stat.h... 
scons: Configure: ".sconf_temp/conftest_8.c" is up to date.
scons: Configure: The original builder output was:
  |.sconf_temp/conftest_8.c <-
  |  |
  |  |#include "sys/stat.h"
  |  |
  |  |
  |
scons: Configure: ".sconf_temp/conftest_8.o" is up to date.
scons: Configure: The original builder output was:
  |gcc -o .sconf_temp/conftest_8.o -c -g -O2 -Wall -Wno-write-strings -DHAVE_CONFIG_H -I/opt/ES/Eiffel_16.05/C_library/zlib -I. -Iinclude .sconf_temp/conftest_8.c
  |
scons: Configure: (cached) yes

scons: Configure: Checking for C header file sys/types.h... 
scons: Configure: ".sconf_temp/conftest_9.c" is up to date.
scons: Configure: The original builder output was:
  |.sconf_temp/conftest_9.c <-
  |  |
  |  |#include "sys/types.h"
  |  |
  |  |
  |
scons: Configure: ".sconf_temp/conftest_9.o" is up to date.
scons: Configure: The original builder output was:
  |gcc -o .sconf_temp/conftest_9.o -c -g -O2 -Wall -Wno-write-strings -DHAVE_CONFIG_H -I/opt/ES/Eiffel_16.05/C_library/zlib -I. -Iinclude .sconf_temp/conftest_9.c
  |
scons: Configure: (cached) yes

scons: Configure: Checking for C header file unistd.h... 
scons: Configure: ".sconf_temp/conftest_10.c" is up to date.
scons: Configure: The original builder output was:
  |.sconf_temp/conftest_10.c <-
  |  |
  |  |#include "unistd.h"
  |  |
  |  |
  |
scons: Configure: ".sconf_temp/conftest_10.o" is up to date.
scons: Configure: The original builder output was:
  |gcc -o .sconf_temp/conftest_10.o -c -g -O2 -Wall -Wno-write-strings -DHAVE_CONFIG_H -I/opt/ES/Eiffel_16.05/C_library/zlib -I. -Iinclude .sconf_temp/conftest_10.c
  |
scons: Configure: (cached) yes

scons: Configure: Checking for C header file stdlib.h... 
scons: Configure: ".sconf_temp/conftest_11.c" is up to date.
scons: Configure: The original builder output was:
  |.sconf_temp/conftest_11.c <-
  |  |
  |  |#include "stdlib.h"
  |  |
  |  |
  |
scons: Configure: ".sconf_temp/conftest_11.o" is up to date.
scons: Configure: The original builder output was:
  |gcc -o .sconf_temp/conftest_11.o -c -g -O2 -Wall -Wno-write-strings -DHAVE_CONFIG_H -I/opt/ES/Eiffel_16.05/C_library/zlib -I. -Iinclude .sconf_temp/conftest_11.c
  |
scons: Configure: (cached) yes

scons: Configure: Checking for C header file stdarg.h... 
scons: Configure: ".sconf_temp/conftest_12.c" is up to date.
scons: Configure: The original builder output was:
  |.sconf_temp/conftest_12.c <-
  |  |
  |  |#include "stdarg.h"
  |  |
  |  |
  |
scons: Configure: ".sconf_temp/conftest_12.o" is up to date.
scons: Configure: The original builder output was:
  |gcc -o .sconf_temp/conftest_12.o -c -g -O2 -Wall -Wno-write-strings -DHAVE_CONFIG_H -I/opt/ES/Eiffel_16.05/C_library/zlib -I. -Iinclude .sconf_temp/conftest_12.c
  |
scons: Configure: (cached) yes

scons: Configure: Checking for C header file string.h... 
scons: Configure: ".sconf_temp/conftest_13.c" is up to date.
scons: Configure: The original builder output was:
  |.sconf_temp/conftest_13.c <-
  |  |
  |  |#include "string.h"
  |  |
  |  |
  |
scons: Configure: ".sconf_temp/conftest_13.o" is up to date.
scons: Configure: The original builder output was:
  |gcc -o .sconf_temp/conftest_13.o -c -g -O2 -Wall -Wno-write-strings -DHAVE_CONFIG_H -I/opt/ES/Eiffel_16.05/C_library/zlib -I. -Iinclude .sconf_temp/conftest_13.c
  |
scons: Configure: (cached) yes

scons: Configure: Checking for C header file float.h... 
scons: Configure: ".sconf_temp/conftest_14.c" is up to date.
scons: Configure: The original builder output was:
  |.sconf_temp/conftest_14.c <-
  |  |
  |  |#include "float.h"
  |  |
  |  |
  |
scons: Configure: ".sconf_temp/conftest_14.o" is up to date.
scons: Configure: The original builder output was:
  |gcc -o .sconf_temp/conftest_14.o -c -g -O2 -Wall -Wno-write-strings -DHAVE_CONFIG_H -I/opt/ES/Eiffel_16.05/C_library/zlib -I. -Iinclude .sconf_temp/conftest_14.c
  |
scons: Configure: (cached) yes


