file /usr/local/lib/python2.7/dist-packages/eiffel_loop/scons/eiffel.py,line 53:
	Configure(confdir = .sconf_temp)
scons: Configure: Checking for C library cairo... 
.sconf_temp/conftest_0.c <-
  |
  |
  |
  |int
  |main() {
  |  
  |return 0;
  |}
  |
gcc -o .sconf_temp/conftest_0.o -c .sconf_temp/conftest_0.c
gcc -o .sconf_temp/conftest_0 .sconf_temp/conftest_0.o -lcairo
scons: Configure: yes

scons: Configure: Checking for C library Xrandr... 
.sconf_temp/conftest_1.c <-
  |
  |
  |
  |int
  |main() {
  |  
  |return 0;
  |}
  |
gcc -o .sconf_temp/conftest_1.o -c .sconf_temp/conftest_1.c
gcc -o .sconf_temp/conftest_1 .sconf_temp/conftest_1.o -lcairo -lXrandr
scons: Configure: yes

scons: Configure: Checking for C library X11... 
.sconf_temp/conftest_2.c <-
  |
  |
  |
  |int
  |main() {
  |  
  |return 0;
  |}
  |
gcc -o .sconf_temp/conftest_2.o -c .sconf_temp/conftest_2.c
gcc -o .sconf_temp/conftest_2 .sconf_temp/conftest_2.o -lcairo -lXrandr -lX11
scons: Configure: yes


